2022-12-06T06:07:07+00:00 INFO Start-Cartflows_Admin_Report_Emails::send_weekly_report_email
2022-12-06T06:07:07+00:00 INFO Send weekly emails to obaidaalthunibat@gmail.com
2022-12-06T06:07:07+00:00 INFO Total Revenue: 0.00
2022-12-06T06:07:07+00:00 INFO Start-Cartflows_Admin_Report_Emails::send_weekly_report_email
2022-12-06T06:07:07+00:00 INFO Send weekly emails to obaidaalthunibat@gmail.com
2022-12-06T06:07:07+00:00 INFO Total Revenue: 0.00
2022-12-06T06:07:21+00:00 INFO Is weekly report enabled: enable
2022-12-06T06:07:59+00:00 INFO Is weekly report enabled: enable
2022-12-06T06:08:03+00:00 INFO Is weekly report enabled: enable
2022-12-06T06:09:06+00:00 INFO Is weekly report enabled: enable
2022-12-06T06:09:08+00:00 INFO Is weekly report enabled: enable
2022-12-06T06:09:11+00:00 INFO Is weekly report enabled: enable
2022-12-06T06:09:13+00:00 INFO Is weekly report enabled: enable
2022-12-06T06:09:28+00:00 INFO Is weekly report enabled: enable
2022-12-06T06:09:44+00:00 INFO Is weekly report enabled: enable
2022-12-06T06:09:58+00:00 INFO Is weekly report enabled: enable
2022-12-06T06:10:13+00:00 INFO Is weekly report enabled: enable
2022-12-06T06:10:28+00:00 INFO Is weekly report enabled: enable
2022-12-06T06:10:39+00:00 INFO Is weekly report enabled: enable
2022-12-06T06:10:42+00:00 INFO Is weekly report enabled: enable
2022-12-06T06:10:45+00:00 INFO Is weekly report enabled: enable
2022-12-06T06:10:47+00:00 INFO Is weekly report enabled: enable
2022-12-06T06:22:14+00:00 INFO Is weekly report enabled: enable
2022-12-06T06:22:40+00:00 INFO Is weekly report enabled: enable
2022-12-06T06:22:41+00:00 INFO Is weekly report enabled: enable
2022-12-06T06:22:46+00:00 INFO Is weekly report enabled: enable
2022-12-06T06:23:25+00:00 INFO Is weekly report enabled: enable
2022-12-06T06:23:45+00:00 INFO Is weekly report enabled: enable
2022-12-06T06:23:53+00:00 INFO Is weekly report enabled: enable
2022-12-06T06:23:55+00:00 INFO Is weekly report enabled: enable
2022-12-06T06:24:10+00:00 INFO Is weekly report enabled: enable
2022-12-06T06:24:27+00:00 INFO Is weekly report enabled: enable
2022-12-06T06:25:24+00:00 INFO Is weekly report enabled: enable
2022-12-06T06:25:27+00:00 INFO Is weekly report enabled: enable
2022-12-06T06:25:29+00:00 INFO Is weekly report enabled: enable
2022-12-06T06:25:37+00:00 INFO Is weekly report enabled: enable
2022-12-06T06:25:38+00:00 INFO Is weekly report enabled: enable
2022-12-06T06:25:40+00:00 INFO Is weekly report enabled: enable
2022-12-06T06:26:50+00:00 INFO Is weekly report enabled: enable
2022-12-06T06:26:53+00:00 INFO Is weekly report enabled: enable
2022-12-06T06:26:56+00:00 INFO Is weekly report enabled: enable
2022-12-06T06:26:58+00:00 INFO Is weekly report enabled: enable
2022-12-06T06:27:13+00:00 INFO Is weekly report enabled: enable
2022-12-06T06:27:28+00:00 INFO Is weekly report enabled: enable
2022-12-06T06:27:44+00:00 INFO Is weekly report enabled: enable
2022-12-06T06:27:58+00:00 INFO Is weekly report enabled: enable
2022-12-06T06:28:13+00:00 INFO Is weekly report enabled: enable
2022-12-06T06:28:27+00:00 INFO Is weekly report enabled: enable
2022-12-06T06:28:29+00:00 INFO Is weekly report enabled: enable
2022-12-06T06:29:03+00:00 INFO Is weekly report enabled: enable
2022-12-06T06:29:05+00:00 INFO Is weekly report enabled: enable
2022-12-06T06:29:20+00:00 INFO Is weekly report enabled: enable
2022-12-06T06:31:18+00:00 INFO Is weekly report enabled: enable
2022-12-06T06:31:33+00:00 INFO Is weekly report enabled: enable
2022-12-06T06:31:47+00:00 INFO Is weekly report enabled: enable
2022-12-06T06:32:02+00:00 INFO Is weekly report enabled: enable
2022-12-06T06:32:17+00:00 INFO Is weekly report enabled: enable
2022-12-06T06:33:21+00:00 INFO Is weekly report enabled: enable
2022-12-06T06:33:36+00:00 INFO Is weekly report enabled: enable
2022-12-06T06:34:45+00:00 INFO Is weekly report enabled: enable
2022-12-06T06:35:01+00:00 INFO Is weekly report enabled: enable
2022-12-06T06:35:14+00:00 INFO Is weekly report enabled: enable
2022-12-06T06:35:33+00:00 INFO Is weekly report enabled: enable
2022-12-06T06:35:36+00:00 INFO Is weekly report enabled: enable
2022-12-06T06:35:45+00:00 INFO Is weekly report enabled: enable
2022-12-06T06:35:47+00:00 INFO Is weekly report enabled: enable
2022-12-06T06:36:02+00:00 INFO Is weekly report enabled: enable
2022-12-06T06:38:03+00:00 INFO Is weekly report enabled: enable
2022-12-06T06:38:17+00:00 INFO Is weekly report enabled: enable
2022-12-06T06:38:33+00:00 INFO Is weekly report enabled: enable
2022-12-06T06:40:34+00:00 INFO Is weekly report enabled: enable
2022-12-06T06:42:34+00:00 INFO Is weekly report enabled: enable
2022-12-06T06:44:34+00:00 INFO Is weekly report enabled: enable
2022-12-06T06:46:12+00:00 INFO Is weekly report enabled: enable
2022-12-06T06:46:15+00:00 INFO Is weekly report enabled: enable
2022-12-06T06:46:18+00:00 INFO Is weekly report enabled: enable
2022-12-06T06:46:39+00:00 INFO Is weekly report enabled: enable
2022-12-06T06:46:43+00:00 INFO Is weekly report enabled: enable
2022-12-06T06:46:45+00:00 INFO Is weekly report enabled: enable
2022-12-06T06:46:47+00:00 INFO Is weekly report enabled: enable
2022-12-06T06:47:05+00:00 INFO Is weekly report enabled: enable
2022-12-06T06:47:08+00:00 INFO Is weekly report enabled: enable
2022-12-06T06:47:12+00:00 INFO Is weekly report enabled: enable
2022-12-06T06:47:14+00:00 INFO Is weekly report enabled: enable
2022-12-06T06:47:16+00:00 INFO Is weekly report enabled: enable
2022-12-06T06:47:19+00:00 INFO Is weekly report enabled: enable
2022-12-06T06:47:35+00:00 INFO Is weekly report enabled: enable
2022-12-06T06:47:49+00:00 INFO Is weekly report enabled: enable
2022-12-06T06:49:50+00:00 INFO Is weekly report enabled: enable
2022-12-06T06:49:53+00:00 INFO Is weekly report enabled: enable
2022-12-06T06:50:04+00:00 INFO Is weekly report enabled: enable
2022-12-06T06:50:07+00:00 INFO Is weekly report enabled: enable
2022-12-06T06:50:10+00:00 INFO Is weekly report enabled: enable
2022-12-06T06:50:12+00:00 INFO Is weekly report enabled: enable
2022-12-06T06:50:14+00:00 INFO Is weekly report enabled: enable
2022-12-06T06:50:16+00:00 INFO Is weekly report enabled: enable
2022-12-06T06:50:32+00:00 INFO Is weekly report enabled: enable
2022-12-06T06:50:44+00:00 INFO Is weekly report enabled: enable
2022-12-06T06:50:46+00:00 INFO Is weekly report enabled: enable
2022-12-06T06:51:47+00:00 INFO Is weekly report enabled: enable
2022-12-06T06:51:48+00:00 INFO Is weekly report enabled: enable
2022-12-06T06:51:49+00:00 INFO Is weekly report enabled: enable
2022-12-06T06:51:50+00:00 INFO Is weekly report enabled: enable
2022-12-06T06:51:52+00:00 INFO Is weekly report enabled: enable
2022-12-06T06:52:06+00:00 INFO Is weekly report enabled: enable
2022-12-06T06:52:08+00:00 INFO Is weekly report enabled: enable
2022-12-06T06:52:08+00:00 INFO Is weekly report enabled: enable
2022-12-06T06:52:15+00:00 INFO Is weekly report enabled: enable
2022-12-06T06:52:17+00:00 INFO Is weekly report enabled: enable
2022-12-06T06:56:38+00:00 INFO Is weekly report enabled: enable
2022-12-06T06:56:41+00:00 INFO Is weekly report enabled: enable
2022-12-06T06:56:44+00:00 INFO Is weekly report enabled: enable
2022-12-06T06:56:45+00:00 INFO Is weekly report enabled: enable
2022-12-06T06:56:48+00:00 INFO Is weekly report enabled: enable
2022-12-06T06:57:03+00:00 INFO Is weekly report enabled: enable
2022-12-06T06:57:06+00:00 INFO Is weekly report enabled: enable
2022-12-06T06:57:09+00:00 INFO Is weekly report enabled: enable
2022-12-06T06:57:11+00:00 INFO Is weekly report enabled: enable
2022-12-06T06:57:13+00:00 INFO Is weekly report enabled: enable
2022-12-06T06:57:15+00:00 INFO Is weekly report enabled: enable
2022-12-06T06:57:17+00:00 INFO Is weekly report enabled: enable
2022-12-06T06:57:24+00:00 INFO Is weekly report enabled: enable
2022-12-06T06:57:39+00:00 INFO Is weekly report enabled: enable
2022-12-06T06:57:45+00:00 INFO Is weekly report enabled: enable
2022-12-06T06:57:48+00:00 INFO Is weekly report enabled: enable
2022-12-06T06:57:49+00:00 INFO Is weekly report enabled: enable
2022-12-06T06:57:54+00:00 INFO Is weekly report enabled: enable
2022-12-06T06:58:03+00:00 INFO Is weekly report enabled: enable
2022-12-06T06:58:19+00:00 INFO Is weekly report enabled: enable
2022-12-06T06:58:35+00:00 INFO Is weekly report enabled: enable
2022-12-06T06:58:49+00:00 INFO Is weekly report enabled: enable
2022-12-06T06:59:04+00:00 INFO Is weekly report enabled: enable
2022-12-06T06:59:16+00:00 INFO Is weekly report enabled: enable
2022-12-06T06:59:19+00:00 INFO Is weekly report enabled: enable
2022-12-06T06:59:19+00:00 INFO Is weekly report enabled: enable
2022-12-06T06:59:20+00:00 INFO Is weekly report enabled: enable
2022-12-06T06:59:28+00:00 INFO Is weekly report enabled: enable
2022-12-06T06:59:32+00:00 INFO Is weekly report enabled: enable
2022-12-06T06:59:32+00:00 INFO Is weekly report enabled: enable
2022-12-06T06:59:37+00:00 INFO Is weekly report enabled: enable
2022-12-06T06:59:46+00:00 INFO Is weekly report enabled: enable
2022-12-06T07:00:00+00:00 INFO Is weekly report enabled: enable
2022-12-06T07:00:01+00:00 INFO Is weekly report enabled: enable
2022-12-06T07:00:05+00:00 INFO Is weekly report enabled: enable
2022-12-06T07:00:07+00:00 INFO Is weekly report enabled: enable
2022-12-06T07:00:16+00:00 INFO Is weekly report enabled: enable
2022-12-06T07:00:19+00:00 INFO Is weekly report enabled: enable
2022-12-06T07:00:22+00:00 INFO Is weekly report enabled: enable
2022-12-06T07:00:26+00:00 INFO Is weekly report enabled: enable
2022-12-06T07:00:28+00:00 INFO Is weekly report enabled: enable
2022-12-06T07:00:31+00:00 INFO Is weekly report enabled: enable
2022-12-06T07:00:45+00:00 INFO Is weekly report enabled: enable
2022-12-06T07:00:46+00:00 INFO Is weekly report enabled: enable
2022-12-06T07:00:48+00:00 INFO Is weekly report enabled: enable
2022-12-06T07:00:54+00:00 INFO Is weekly report enabled: enable
2022-12-06T07:00:55+00:00 INFO Is weekly report enabled: enable
2022-12-06T07:01:04+00:00 INFO Is weekly report enabled: enable
2022-12-06T07:01:07+00:00 INFO Is weekly report enabled: enable
2022-12-06T07:01:07+00:00 INFO Is weekly report enabled: enable
2022-12-06T07:01:12+00:00 INFO Is weekly report enabled: enable
2022-12-06T07:01:21+00:00 INFO Is weekly report enabled: enable
2022-12-06T07:01:37+00:00 INFO Is weekly report enabled: enable
2022-12-06T07:01:51+00:00 INFO Is weekly report enabled: enable
2022-12-06T07:02:06+00:00 INFO Is weekly report enabled: enable
2022-12-06T07:02:15+00:00 INFO Is weekly report enabled: enable
2022-12-06T07:02:17+00:00 INFO Is weekly report enabled: enable
2022-12-06T07:02:19+00:00 INFO Is weekly report enabled: enable
2022-12-06T07:02:20+00:00 INFO Is weekly report enabled: enable
2022-12-06T07:02:21+00:00 INFO Is weekly report enabled: enable
2022-12-06T07:04:19+00:00 INFO Is weekly report enabled: enable
2022-12-06T07:06:20+00:00 INFO Is weekly report enabled: enable
2022-12-06T07:08:20+00:00 INFO Is weekly report enabled: enable
2022-12-06T07:10:21+00:00 INFO Is weekly report enabled: enable
2022-12-06T07:12:22+00:00 INFO Is weekly report enabled: enable
2022-12-06T07:14:22+00:00 INFO Is weekly report enabled: enable
2022-12-06T07:14:38+00:00 INFO Is weekly report enabled: enable
2022-12-06T07:16:40+00:00 INFO Is weekly report enabled: enable
2022-12-06T07:18:41+00:00 INFO Is weekly report enabled: enable
2022-12-06T07:20:42+00:00 INFO Is weekly report enabled: enable
2022-12-06T07:22:43+00:00 INFO Is weekly report enabled: enable
2022-12-06T07:24:44+00:00 INFO Is weekly report enabled: enable
2022-12-06T07:26:45+00:00 INFO Is weekly report enabled: enable
2022-12-06T07:28:46+00:00 INFO Is weekly report enabled: enable
2022-12-06T07:29:29+00:00 INFO Is weekly report enabled: enable
2022-12-06T07:29:45+00:00 INFO Is weekly report enabled: enable
2022-12-06T07:31:44+00:00 INFO Is weekly report enabled: enable
2022-12-06T07:33:45+00:00 INFO Is weekly report enabled: enable
2022-12-06T07:35:45+00:00 INFO Is weekly report enabled: enable
2022-12-06T07:37:45+00:00 INFO Is weekly report enabled: enable
2022-12-06T07:39:45+00:00 INFO Is weekly report enabled: enable
2022-12-06T07:41:45+00:00 INFO Is weekly report enabled: enable
2022-12-06T07:43:45+00:00 INFO Is weekly report enabled: enable
2022-12-06T07:45:45+00:00 INFO Is weekly report enabled: enable
2022-12-06T07:47:44+00:00 INFO Is weekly report enabled: enable
2022-12-06T07:49:44+00:00 INFO Is weekly report enabled: enable
2022-12-06T07:50:15+00:00 INFO Is weekly report enabled: enable
2022-12-06T07:52:16+00:00 INFO Is weekly report enabled: enable
2022-12-06T07:54:17+00:00 INFO Is weekly report enabled: enable
2022-12-06T07:56:18+00:00 INFO Is weekly report enabled: enable
2022-12-06T07:58:18+00:00 INFO Is weekly report enabled: enable
2022-12-06T08:00:20+00:00 INFO Is weekly report enabled: enable
2022-12-06T08:02:21+00:00 INFO Is weekly report enabled: enable
2022-12-06T08:03:07+00:00 INFO Is weekly report enabled: enable
2022-12-06T08:05:07+00:00 INFO Is weekly report enabled: enable
2022-12-06T08:07:07+00:00 INFO Is weekly report enabled: enable
2022-12-06T08:09:09+00:00 INFO Is weekly report enabled: enable
2022-12-06T08:11:09+00:00 INFO Is weekly report enabled: enable
2022-12-06T08:13:11+00:00 INFO Is weekly report enabled: enable
2022-12-06T08:15:12+00:00 INFO Is weekly report enabled: enable
2022-12-06T08:17:13+00:00 INFO Is weekly report enabled: enable
2022-12-06T08:19:14+00:00 INFO Is weekly report enabled: enable
2022-12-06T08:21:15+00:00 INFO Is weekly report enabled: enable
2022-12-06T08:23:16+00:00 INFO Is weekly report enabled: enable
2022-12-06T08:25:17+00:00 INFO Is weekly report enabled: enable
2022-12-06T08:27:18+00:00 INFO Is weekly report enabled: enable
2022-12-06T08:29:19+00:00 INFO Is weekly report enabled: enable
2022-12-06T08:31:20+00:00 INFO Is weekly report enabled: enable
2022-12-06T08:33:20+00:00 INFO Is weekly report enabled: enable
2022-12-06T08:35:21+00:00 INFO Is weekly report enabled: enable
2022-12-06T08:37:22+00:00 INFO Is weekly report enabled: enable
2022-12-06T08:39:23+00:00 INFO Is weekly report enabled: enable
2022-12-06T08:41:23+00:00 INFO Is weekly report enabled: enable
2022-12-06T08:43:24+00:00 INFO Is weekly report enabled: enable
2022-12-06T08:45:24+00:00 INFO Is weekly report enabled: enable
2022-12-06T08:47:27+00:00 INFO Is weekly report enabled: enable
2022-12-06T08:49:28+00:00 INFO Is weekly report enabled: enable
2022-12-06T08:51:29+00:00 INFO Is weekly report enabled: enable
2022-12-06T08:53:29+00:00 INFO Is weekly report enabled: enable
2022-12-06T08:55:30+00:00 INFO Is weekly report enabled: enable
2022-12-06T08:57:31+00:00 INFO Is weekly report enabled: enable
2022-12-06T08:59:32+00:00 INFO Is weekly report enabled: enable
2022-12-06T09:01:33+00:00 INFO Is weekly report enabled: enable
2022-12-06T09:03:34+00:00 INFO Is weekly report enabled: enable
2022-12-06T09:04:18+00:00 INFO Is weekly report enabled: enable
2022-12-06T09:04:20+00:00 INFO Is weekly report enabled: enable
2022-12-06T09:04:23+00:00 INFO Is weekly report enabled: enable
2022-12-06T09:04:25+00:00 INFO Is weekly report enabled: enable
2022-12-06T09:04:40+00:00 INFO Is weekly report enabled: enable
2022-12-06T09:04:45+00:00 INFO Is weekly report enabled: enable
2022-12-06T09:04:47+00:00 INFO Is weekly report enabled: enable
2022-12-06T09:04:57+00:00 INFO Is weekly report enabled: enable
2022-12-06T09:05:06+00:00 INFO Is weekly report enabled: enable
2022-12-06T09:05:06+00:00 INFO Is weekly report enabled: enable
2022-12-06T09:05:08+00:00 INFO Is weekly report enabled: enable
2022-12-06T09:05:10+00:00 INFO Is weekly report enabled: enable
2022-12-06T09:05:18+00:00 INFO Is weekly report enabled: enable
2022-12-06T09:05:20+00:00 INFO Is weekly report enabled: enable
2022-12-06T09:05:24+00:00 INFO Is weekly report enabled: enable
2022-12-06T09:05:40+00:00 INFO Is weekly report enabled: enable
2022-12-06T09:05:54+00:00 INFO Is weekly report enabled: enable
2022-12-06T09:06:33+00:00 INFO Is weekly report enabled: enable
2022-12-06T09:06:38+00:00 INFO Is weekly report enabled: enable
2022-12-06T09:07:23+00:00 INFO Is weekly report enabled: enable
2022-12-06T09:07:24+00:00 INFO Is weekly report enabled: enable
2022-12-06T09:07:40+00:00 INFO Is weekly report enabled: enable
2022-12-06T09:08:56+00:00 INFO Is weekly report enabled: enable
2022-12-06T09:08:58+00:00 INFO Is weekly report enabled: enable
2022-12-06T09:09:33+00:00 INFO Is weekly report enabled: enable
2022-12-06T09:09:55+00:00 INFO Is weekly report enabled: enable
2022-12-06T09:09:56+00:00 INFO Is weekly report enabled: enable
2022-12-06T09:10:12+00:00 INFO Is weekly report enabled: enable
2022-12-06T09:10:14+00:00 INFO Is weekly report enabled: enable
2022-12-06T09:10:18+00:00 INFO Is weekly report enabled: enable
2022-12-06T09:10:39+00:00 INFO Is weekly report enabled: enable
2022-12-06T09:10:40+00:00 INFO Is weekly report enabled: enable
2022-12-06T09:10:58+00:00 INFO Is weekly report enabled: enable
2022-12-06T09:10:59+00:00 INFO Is weekly report enabled: enable
2022-12-06T09:42:01+00:00 INFO Is weekly report enabled: enable
2022-12-06T09:42:03+00:00 INFO Is weekly report enabled: enable
2022-12-06T10:53:32+00:00 INFO Is weekly report enabled: enable
2022-12-06T10:53:34+00:00 INFO Is weekly report enabled: enable
2022-12-06T10:54:36+00:00 INFO Is weekly report enabled: enable
2022-12-06T10:56:37+00:00 INFO Is weekly report enabled: enable
2022-12-06T10:58:37+00:00 INFO Is weekly report enabled: enable
2022-12-06T10:59:37+00:00 INFO Is weekly report enabled: enable
2022-12-06T11:00:37+00:00 INFO Is weekly report enabled: enable
2022-12-06T11:01:37+00:00 INFO Is weekly report enabled: enable
2022-12-06T11:02:37+00:00 INFO Is weekly report enabled: enable
2022-12-06T11:03:37+00:00 INFO Is weekly report enabled: enable
2022-12-06T11:04:37+00:00 INFO Is weekly report enabled: enable
2022-12-06T11:05:37+00:00 INFO Is weekly report enabled: enable
2022-12-06T11:06:37+00:00 INFO Is weekly report enabled: enable
2022-12-06T11:07:37+00:00 INFO Is weekly report enabled: enable
2022-12-06T11:08:38+00:00 INFO Is weekly report enabled: enable
2022-12-06T11:10:39+00:00 INFO Is weekly report enabled: enable
2022-12-06T11:11:56+00:00 INFO Is weekly report enabled: enable
2022-12-06T11:11:56+00:00 INFO Is weekly report enabled: enable
2022-12-06T11:12:21+00:00 INFO Is weekly report enabled: enable
2022-12-06T11:13:24+00:00 INFO Is weekly report enabled: enable
2022-12-06T11:13:56+00:00 INFO Is weekly report enabled: enable
2022-12-06T11:14:24+00:00 INFO Is weekly report enabled: enable
2022-12-06T11:15:57+00:00 INFO Is weekly report enabled: enable
2022-12-06T11:16:25+00:00 INFO Is weekly report enabled: enable
2022-12-06T11:17:58+00:00 INFO Is weekly report enabled: enable
2022-12-06T11:18:26+00:00 INFO Is weekly report enabled: enable
2022-12-06T11:19:59+00:00 INFO Is weekly report enabled: enable
2022-12-06T11:20:27+00:00 INFO Is weekly report enabled: enable
2022-12-06T11:22:00+00:00 INFO Is weekly report enabled: enable
2022-12-06T11:22:28+00:00 INFO Is weekly report enabled: enable
2022-12-06T11:24:01+00:00 INFO Is weekly report enabled: enable
2022-12-06T11:24:30+00:00 INFO Is weekly report enabled: enable
2022-12-06T11:26:02+00:00 INFO Is weekly report enabled: enable
2022-12-06T11:28:03+00:00 INFO Is weekly report enabled: enable
2022-12-06T11:30:04+00:00 INFO Is weekly report enabled: enable
2022-12-06T11:32:05+00:00 INFO Is weekly report enabled: enable
2022-12-06T11:34:06+00:00 INFO Is weekly report enabled: enable
2022-12-06T11:34:37+00:00 INFO Is weekly report enabled: enable
2022-12-06T11:34:57+00:00 INFO Is weekly report enabled: enable
2022-12-06T11:35:00+00:00 INFO Is weekly report enabled: enable
2022-12-06T11:35:00+00:00 INFO Is weekly report enabled: enable
2022-12-06T11:35:04+00:00 INFO Is weekly report enabled: enable
2022-12-06T11:35:10+00:00 INFO Is weekly report enabled: enable
2022-12-06T11:35:25+00:00 INFO Is weekly report enabled: enable
2022-12-06T11:36:07+00:00 INFO Is weekly report enabled: enable
2022-12-06T11:36:13+00:00 INFO Is weekly report enabled: enable
2022-12-06T11:36:27+00:00 INFO Is weekly report enabled: enable
2022-12-06T11:36:31+00:00 INFO Is weekly report enabled: enable
2022-12-06T11:36:53+00:00 INFO Is weekly report enabled: enable
2022-12-06T11:37:12+00:00 INFO Is weekly report enabled: enable
2022-12-06T11:37:21+00:00 INFO Is weekly report enabled: enable
2022-12-06T11:38:08+00:00 INFO Is weekly report enabled: enable
2022-12-06T11:38:23+00:00 INFO Is weekly report enabled: enable
2022-12-06T11:38:43+00:00 INFO Is weekly report enabled: enable
2022-12-06T11:39:23+00:00 INFO Is weekly report enabled: enable
2022-12-06T11:39:43+00:00 INFO Is weekly report enabled: enable
2022-12-06T11:39:46+00:00 INFO Is weekly report enabled: enable
2022-12-06T11:39:57+00:00 INFO Is weekly report enabled: enable
2022-12-06T11:40:08+00:00 INFO Is weekly report enabled: enable
2022-12-06T11:42:10+00:00 INFO Is weekly report enabled: enable
2022-12-06T11:44:11+00:00 INFO Is weekly report enabled: enable
2022-12-06T11:46:12+00:00 INFO Is weekly report enabled: enable
2022-12-06T11:48:13+00:00 INFO Is weekly report enabled: enable
2022-12-06T11:50:14+00:00 INFO Is weekly report enabled: enable
2022-12-06T11:51:48+00:00 INFO Is weekly report enabled: enable
2022-12-06T11:51:50+00:00 INFO Is weekly report enabled: enable
2022-12-06T11:51:54+00:00 INFO Is weekly report enabled: enable
2022-12-06T11:52:14+00:00 INFO Is weekly report enabled: enable
2022-12-06T11:52:25+00:00 INFO Is weekly report enabled: enable
2022-12-06T11:52:50+00:00 INFO Is weekly report enabled: enable
2022-12-06T11:52:51+00:00 INFO Is weekly report enabled: enable
2022-12-06T11:53:02+00:00 INFO Is weekly report enabled: enable
2022-12-06T11:53:46+00:00 INFO Is weekly report enabled: enable
2022-12-06T11:54:15+00:00 INFO Is weekly report enabled: enable
2022-12-06T11:55:58+00:00 INFO Is weekly report enabled: enable
2022-12-06T11:56:00+00:00 INFO Is weekly report enabled: enable
2022-12-06T11:56:16+00:00 INFO Is weekly report enabled: enable
2022-12-06T11:56:42+00:00 INFO Is weekly report enabled: enable
2022-12-06T11:57:02+00:00 INFO Is weekly report enabled: enable
2022-12-06T11:57:25+00:00 INFO Is weekly report enabled: enable
2022-12-06T11:57:55+00:00 INFO Is weekly report enabled: enable
2022-12-06T11:57:57+00:00 INFO Is weekly report enabled: enable
2022-12-06T11:57:58+00:00 INFO Is weekly report enabled: enable
2022-12-06T11:58:01+00:00 INFO Is weekly report enabled: enable
2022-12-06T11:58:11+00:00 INFO Is weekly report enabled: enable
2022-12-06T11:58:12+00:00 INFO Is weekly report enabled: enable
2022-12-06T11:58:17+00:00 INFO Is weekly report enabled: enable
2022-12-06T11:58:22+00:00 INFO Is weekly report enabled: enable
2022-12-06T11:58:27+00:00 INFO Is weekly report enabled: enable
2022-12-06T11:58:27+00:00 INFO Is weekly report enabled: enable
2022-12-06T11:58:29+00:00 INFO Is weekly report enabled: enable
2022-12-06T11:58:32+00:00 INFO Is weekly report enabled: enable
2022-12-06T11:58:37+00:00 INFO Is weekly report enabled: enable
2022-12-06T11:58:40+00:00 INFO Is weekly report enabled: enable
2022-12-06T11:58:42+00:00 INFO Is weekly report enabled: enable
2022-12-06T11:58:49+00:00 INFO Is weekly report enabled: enable
2022-12-06T11:58:51+00:00 INFO Is weekly report enabled: enable
2022-12-06T11:58:52+00:00 INFO Is weekly report enabled: enable
2022-12-06T11:58:57+00:00 INFO Is weekly report enabled: enable
2022-12-06T11:59:50+00:00 INFO Is weekly report enabled: enable
2022-12-06T11:59:51+00:00 INFO Is weekly report enabled: enable
2022-12-06T12:00:06+00:00 INFO Is weekly report enabled: enable
2022-12-06T12:00:08+00:00 INFO Is weekly report enabled: enable
2022-12-06T12:00:11+00:00 INFO Is weekly report enabled: enable
2022-12-06T12:00:18+00:00 INFO Is weekly report enabled: enable
2022-12-06T12:00:38+00:00 INFO Is weekly report enabled: enable
2022-12-06T12:01:11+00:00 INFO Is weekly report enabled: enable
2022-12-06T12:01:12+00:00 INFO Is weekly report enabled: enable
2022-12-06T12:01:16+00:00 INFO Is weekly report enabled: enable
2022-12-06T12:02:19+00:00 INFO Is weekly report enabled: enable
2022-12-06T12:02:19+00:00 INFO Is weekly report enabled: enable
2022-12-06T12:02:56+00:00 INFO Is weekly report enabled: enable
2022-12-06T12:04:05+00:00 INFO Is weekly report enabled: enable
2022-12-06T12:04:07+00:00 INFO Is weekly report enabled: enable
2022-12-06T12:04:07+00:00 INFO Is weekly report enabled: enable
2022-12-06T12:04:10+00:00 INFO Is weekly report enabled: enable
2022-12-06T12:04:17+00:00 INFO Is weekly report enabled: enable
2022-12-06T12:04:17+00:00 INFO Is weekly report enabled: enable
2022-12-06T12:04:20+00:00 INFO Is weekly report enabled: enable
2022-12-06T12:04:21+00:00 INFO Is weekly report enabled: enable
2022-12-06T12:04:22+00:00 INFO Is weekly report enabled: enable
2022-12-06T12:04:22+00:00 INFO Is weekly report enabled: enable
2022-12-06T12:04:23+00:00 INFO Is weekly report enabled: enable
2022-12-06T12:04:23+00:00 INFO Is weekly report enabled: enable
2022-12-06T12:04:27+00:00 INFO Is weekly report enabled: enable
2022-12-06T12:04:31+00:00 INFO Is weekly report enabled: enable
2022-12-06T12:04:32+00:00 INFO Is weekly report enabled: enable
2022-12-06T12:04:33+00:00 INFO Is weekly report enabled: enable
2022-12-06T12:05:33+00:00 INFO Is weekly report enabled: enable
2022-12-06T12:06:03+00:00 INFO Is weekly report enabled: enable
2022-12-06T12:06:20+00:00 INFO Is weekly report enabled: enable
2022-12-06T12:06:35+00:00 INFO Is weekly report enabled: enable
2022-12-06T12:06:47+00:00 INFO Is weekly report enabled: enable
2022-12-06T12:06:52+00:00 INFO Is weekly report enabled: enable
2022-12-06T12:07:04+00:00 INFO Is weekly report enabled: enable
2022-12-06T12:07:05+00:00 INFO Is weekly report enabled: enable
2022-12-06T12:07:08+00:00 INFO Is weekly report enabled: enable
2022-12-06T12:07:14+00:00 INFO Is weekly report enabled: enable
2022-12-06T12:07:31+00:00 INFO Is weekly report enabled: enable
2022-12-06T12:07:33+00:00 INFO Is weekly report enabled: enable
2022-12-06T12:07:46+00:00 INFO Is weekly report enabled: enable
2022-12-06T12:08:07+00:00 INFO Is weekly report enabled: enable
2022-12-06T12:08:08+00:00 INFO Is weekly report enabled: enable
2022-12-06T12:08:53+00:00 INFO Is weekly report enabled: enable
2022-12-06T12:08:54+00:00 INFO Is weekly report enabled: enable
2022-12-06T12:09:08+00:00 INFO Is weekly report enabled: enable
2022-12-06T12:09:22+00:00 INFO Is weekly report enabled: enable
2022-12-06T12:09:47+00:00 INFO Is weekly report enabled: enable
2022-12-06T12:09:55+00:00 INFO Is weekly report enabled: enable
2022-12-06T12:10:11+00:00 INFO Is weekly report enabled: enable
2022-12-06T12:10:22+00:00 INFO Is weekly report enabled: enable
2022-12-06T12:11:10+00:00 INFO Is weekly report enabled: enable
2022-12-06T12:11:22+00:00 INFO Is weekly report enabled: enable
2022-12-06T12:11:48+00:00 INFO Is weekly report enabled: enable
2022-12-06T12:11:56+00:00 INFO Is weekly report enabled: enable
2022-12-06T12:12:10+00:00 INFO Is weekly report enabled: enable
2022-12-06T12:12:22+00:00 INFO Is weekly report enabled: enable
2022-12-06T12:13:10+00:00 INFO Is weekly report enabled: enable
2022-12-06T12:13:22+00:00 INFO Is weekly report enabled: enable
2022-12-06T12:13:49+00:00 INFO Is weekly report enabled: enable
2022-12-06T12:13:57+00:00 INFO Is weekly report enabled: enable
2022-12-06T12:14:10+00:00 INFO Is weekly report enabled: enable
2022-12-06T12:14:22+00:00 INFO Is weekly report enabled: enable
2022-12-06T12:14:31+00:00 INFO Is weekly report enabled: enable
2022-12-06T12:14:42+00:00 INFO Is weekly report enabled: enable
2022-12-06T12:15:05+00:00 INFO Is weekly report enabled: enable
2022-12-06T12:15:45+00:00 INFO Is weekly report enabled: enable
2022-12-06T12:15:46+00:00 INFO Is weekly report enabled: enable
2022-12-06T12:15:49+00:00 INFO Is weekly report enabled: enable
2022-12-06T12:15:55+00:00 INFO Is weekly report enabled: enable
2022-12-06T12:16:02+00:00 INFO Is weekly report enabled: enable
2022-12-06T12:16:05+00:00 INFO Is weekly report enabled: enable
2022-12-06T12:16:07+00:00 INFO Is weekly report enabled: enable
2022-12-06T12:16:19+00:00 INFO Is weekly report enabled: enable
2022-12-06T12:16:20+00:00 INFO Is weekly report enabled: enable
2022-12-06T12:16:39+00:00 INFO Is weekly report enabled: enable
2022-12-06T12:17:04+00:00 INFO Is weekly report enabled: enable
2022-12-06T12:17:06+00:00 INFO Is weekly report enabled: enable
2022-12-06T12:17:51+00:00 INFO Is weekly report enabled: enable
2022-12-06T12:19:52+00:00 INFO Is weekly report enabled: enable
2022-12-06T12:21:53+00:00 INFO Is weekly report enabled: enable
2022-12-06T12:23:54+00:00 INFO Is weekly report enabled: enable
2022-12-06T12:25:55+00:00 INFO Is weekly report enabled: enable
2022-12-06T12:27:56+00:00 INFO Is weekly report enabled: enable
2022-12-06T12:29:56+00:00 INFO Is weekly report enabled: enable
2022-12-06T12:31:57+00:00 INFO Is weekly report enabled: enable
2022-12-06T12:31:58+00:00 INFO Is weekly report enabled: enable
2022-12-06T12:32:33+00:00 INFO Is weekly report enabled: enable
2022-12-06T12:32:34+00:00 INFO Is weekly report enabled: enable
2022-12-06T12:32:34+00:00 INFO Is weekly report enabled: enable
2022-12-06T12:32:36+00:00 INFO Is weekly report enabled: enable
2022-12-06T12:32:38+00:00 INFO Is weekly report enabled: enable
2022-12-06T12:32:41+00:00 INFO Is weekly report enabled: enable
2022-12-06T12:32:44+00:00 INFO Is weekly report enabled: enable
2022-12-06T12:32:46+00:00 INFO Is weekly report enabled: enable
2022-12-06T12:32:48+00:00 INFO Is weekly report enabled: enable
2022-12-06T12:32:50+00:00 INFO Is weekly report enabled: enable
2022-12-06T12:32:51+00:00 INFO Is weekly report enabled: enable
2022-12-06T12:32:52+00:00 INFO Is weekly report enabled: enable
2022-12-06T12:32:55+00:00 INFO Is weekly report enabled: enable
2022-12-06T12:32:56+00:00 INFO Is weekly report enabled: enable
2022-12-06T12:33:03+00:00 INFO Is weekly report enabled: enable
2022-12-06T12:33:04+00:00 INFO Is weekly report enabled: enable
2022-12-06T12:33:07+00:00 INFO Is weekly report enabled: enable
2022-12-06T12:33:08+00:00 INFO Is weekly report enabled: enable
2022-12-06T12:33:09+00:00 INFO Is weekly report enabled: enable
2022-12-06T12:33:12+00:00 INFO Is weekly report enabled: enable
2022-12-06T12:33:13+00:00 INFO Is weekly report enabled: enable
2022-12-06T12:33:14+00:00 INFO Is weekly report enabled: enable
2022-12-06T12:33:15+00:00 INFO Is weekly report enabled: enable
2022-12-06T12:33:16+00:00 INFO Is weekly report enabled: enable
2022-12-06T12:33:26+00:00 INFO Is weekly report enabled: enable
2022-12-06T12:33:31+00:00 INFO Start-Cartflows_Frontend::redirect_to_thankyou_page
2022-12-06T12:33:31+00:00 INFO Only for thank you page
2022-12-06T12:33:31+00:00 INFO End-Cartflows_Frontend::redirect_to_thankyou_page
2022-12-06T12:33:50+00:00 INFO Is weekly report enabled: enable
2022-12-06T12:33:59+00:00 INFO Is weekly report enabled: enable
2022-12-06T12:36:00+00:00 INFO Is weekly report enabled: enable
2022-12-06T12:36:13+00:00 INFO Is weekly report enabled: enable
2022-12-06T12:36:14+00:00 INFO Is weekly report enabled: enable
2022-12-06T12:36:43+00:00 INFO Is weekly report enabled: enable
2022-12-06T12:36:52+00:00 INFO Is weekly report enabled: enable
2022-12-06T12:37:45+00:00 INFO Is weekly report enabled: enable
2022-12-06T12:38:01+00:00 INFO Is weekly report enabled: enable
2022-12-06T12:38:45+00:00 INFO Is weekly report enabled: enable
2022-12-06T12:39:32+00:00 INFO Is weekly report enabled: enable
2022-12-06T12:39:47+00:00 INFO Is weekly report enabled: enable
2022-12-06T12:39:48+00:00 INFO Is weekly report enabled: enable
2022-12-06T12:39:51+00:00 INFO Is weekly report enabled: enable
2022-12-06T12:40:01+00:00 INFO Is weekly report enabled: enable
2022-12-06T12:40:10+00:00 INFO Is weekly report enabled: enable
2022-12-06T12:40:22+00:00 INFO Is weekly report enabled: enable
2022-12-06T12:40:25+00:00 INFO Is weekly report enabled: enable
2022-12-06T12:40:26+00:00 INFO Is weekly report enabled: enable
2022-12-06T12:40:29+00:00 INFO Is weekly report enabled: enable
2022-12-06T12:40:41+00:00 INFO Is weekly report enabled: enable
2022-12-06T12:40:55+00:00 INFO Is weekly report enabled: enable
2022-12-06T12:41:10+00:00 INFO Is weekly report enabled: enable
2022-12-06T12:41:25+00:00 INFO Is weekly report enabled: enable
2022-12-06T12:41:41+00:00 INFO Is weekly report enabled: enable
2022-12-06T12:42:02+00:00 INFO Is weekly report enabled: enable
2022-12-06T12:42:49+00:00 INFO Is weekly report enabled: enable
2022-12-06T12:43:06+00:00 INFO Is weekly report enabled: enable
2022-12-06T12:43:18+00:00 INFO Is weekly report enabled: enable
2022-12-06T12:43:20+00:00 INFO Is weekly report enabled: enable
2022-12-06T12:43:24+00:00 INFO Is weekly report enabled: enable
2022-12-06T12:43:50+00:00 INFO Is weekly report enabled: enable
2022-12-06T12:44:03+00:00 INFO Is weekly report enabled: enable
2022-12-06T12:44:05+00:00 INFO Is weekly report enabled: enable
2022-12-06T12:44:06+00:00 INFO Is weekly report enabled: enable
2022-12-06T12:44:10+00:00 INFO Is weekly report enabled: enable
2022-12-06T12:44:17+00:00 INFO Is weekly report enabled: enable
2022-12-06T12:45:35+00:00 INFO Is weekly report enabled: enable
2022-12-06T12:45:47+00:00 INFO Is weekly report enabled: enable
2022-12-06T12:45:49+00:00 INFO Is weekly report enabled: enable
2022-12-06T12:46:04+00:00 INFO Is weekly report enabled: enable
2022-12-06T12:48:06+00:00 INFO Is weekly report enabled: enable
2022-12-06T12:50:07+00:00 INFO Is weekly report enabled: enable
2022-12-06T12:52:07+00:00 INFO Is weekly report enabled: enable
2022-12-06T12:52:13+00:00 INFO Is weekly report enabled: enable
2022-12-06T12:52:13+00:00 INFO Is weekly report enabled: enable
2022-12-06T12:53:17+00:00 INFO Is weekly report enabled: enable
2022-12-06T12:53:30+00:00 INFO Is weekly report enabled: enable
2022-12-06T12:54:09+00:00 INFO Is weekly report enabled: enable
2022-12-06T12:54:19+00:00 INFO Is weekly report enabled: enable
2022-12-06T12:55:11+00:00 INFO Is weekly report enabled: enable
2022-12-06T12:55:19+00:00 INFO Is weekly report enabled: enable
2022-12-06T12:56:10+00:00 INFO Is weekly report enabled: enable
2022-12-06T12:56:11+00:00 INFO Is weekly report enabled: enable
2022-12-06T12:56:19+00:00 INFO Is weekly report enabled: enable
2022-12-06T12:56:52+00:00 INFO Is weekly report enabled: enable
2022-12-06T12:56:58+00:00 INFO Is weekly report enabled: enable
2022-12-06T12:58:11+00:00 INFO Is weekly report enabled: enable
2022-12-06T13:00:12+00:00 INFO Is weekly report enabled: enable
2022-12-06T13:02:13+00:00 INFO Is weekly report enabled: enable
2022-12-06T13:04:14+00:00 INFO Is weekly report enabled: enable
2022-12-06T13:06:15+00:00 INFO Is weekly report enabled: enable
2022-12-06T14:05:30+00:00 INFO Is weekly report enabled: enable
